<?xml version="1.0" encoding="UTF-8"?>
<testsuite name="nutrition.NutritionixServiceTest" tests="1" skipped="0" failures="0" errors="0" timestamp="2021-05-20T19:49:22" hostname="LAPTOP-NG3SOSTV" time="0.781">
  <properties/>
  <testcase name="getCalories" classname="nutrition.NutritionixServiceTest" time="0.781"/>
  <system-out><![CDATA[]]></system-out>
  <system-err><![CDATA[]]></system-err>
</testsuite>
